2024-09-04 15:40:40,535 - INFO - Player: Javier delgado | Strategy name: aggressive campaign | Current Score: 45
2024-09-04 15:40:40,536 - INFO - Player: Kenji Watanabe | Strategy name: neutral campaign | Current Score: 90
2024-09-04 15:42:07,004 - INFO - Player: Javier delgado | Strategy name: aggressive campaign | Current Score: 54
2024-09-04 15:42:07,005 - INFO - Player: Kenji Watanabe | Strategy name: aggressive campaign | Current Score: 108
2024-09-04 15:42:15,041 - INFO - Player: Kenji Watanabe | Action: Increase your presence in traditional media | Cost: {'financial': 15, 'influence': 5, 'internal': 5} | Benefit: 30 | Resources: {'financial': 22.5, 'influence': 17, 'internal': 22.5} | 
2024-09-04 15:42:45,165 - INFO - Player: Javier delgado | Action: Increase your presence in traditional media | Cost: {'financial': 15, 'influence': 5, 'internal': 5} | Benefit: 30 | Resources: {'financial': 22.5, 'influence': 2, 'internal': 22.5} | 
2024-09-04 15:42:48,172 - INFO - Player: Kenji Watanabe | Action: Increase your presence in traditional media | Cost: {'financial': 15, 'influence': 5, 'internal': 5} | Benefit: 30 | Resources: {'financial': 7.5, 'influence': 12, 'internal': 17.5} | 
2024-09-04 15:43:01,519 - INFO - Player: Javier delgado | Event Name: Successful Small Rally | Impact: 10 | Score: 94 | 
2024-09-04 17:02:50,298 - INFO - Player: Javier delgado | Strategy name: aggressive campaign | Current Score: 60
2024-09-04 17:02:50,298 - INFO - Player: Akira Saito | Strategy name: neutral campaign | Current Score: 70
2024-09-04 17:04:14,689 - INFO - Player: Javier delgado | Action: Increase your presence in traditional media | Cost: {'financial': 15, 'influence': 5, 'internal': 5} | Benefit: 30 | Resources: {'financial': 20.0, 'influence': 3, 'internal': 27.5} | 
2024-09-04 17:04:17,693 - INFO - Player: Akira Saito | Action: Increase your presence in traditional media | Cost: {'financial': 15, 'influence': 5, 'internal': 5} | Benefit: 30 | Resources: {'financial': 13.0, 'influence': 19, 'internal': 21.0} | 
2024-09-04 17:54:46,160 - INFO - Player: Javier | Strategy name: neutral campaign | Current Score: 50
2024-09-04 17:54:46,160 - INFO - Player: Hiroshi Suzuki | Strategy name: neutral campaign | Current Score: 54
2024-09-04 17:56:03,449 - INFO - Player: Javier | Action: Increase your presence in traditional media | Cost: {'financial': 15, 'influence': 5, 'internal': 5} | Benefit: 30 | Resources: {'financial': 13.0, 'influence': 3, 'internal': 21.0} | 
2024-09-04 17:56:06,452 - INFO - Player: Hiroshi Suzuki | Action: Increase your presence in traditional media | Cost: {'financial': 15, 'influence': 5, 'internal': 5} | Benefit: 30 | Resources: {'financial': 20.0, 'influence': 2, 'internal': 27.5} | 
2024-09-04 17:58:12,953 - INFO - Player: Javier | Event Name: Positive Media Coverage | Impact: 9 | Score: 89 | 
2024-09-04 17:58:15,959 - INFO - Player: Hiroshi Suzuki | Event Name: Minor Scandal Involving Staff Member | Impact: -5 | Score: 79 | 
2024-09-04 18:16:39,395 - INFO - Player: Javier | Event Name: Minor Gaffe | Impact: -5 | Score: 84 | 
2024-09-04 18:16:42,398 - INFO - Player: Hiroshi Suzuki | Event Name: Positive Media Coverage | Impact: 10 | Score: 89 | 
2024-09-04 18:18:24,882 - INFO - Player: Javier | Action: Increase your presence in traditional media | Cost: {'financial': 15, 'influence': 5, 'internal': 5} | Benefit: 30 | Resources: {'financial': 2.0, 'influence': 2, 'internal': 20.0} | 
2024-09-04 18:18:27,886 - INFO - Player: Hiroshi Suzuki | Action: Increase your presence in traditional media | Cost: {'financial': 15, 'influence': 5, 'internal': 5} | Benefit: 30 | Resources: {'financial': 9.0, 'influence': 1, 'internal': 26.5} | 
2024-09-04 18:18:57,592 - INFO - Player: Javier | Event Name: Public Criticism from Former Party Leader | Impact: -5 | Score: 109 | 
2024-09-04 18:19:00,598 - INFO - Player: Hiroshi Suzuki | Event Name: Internal Party Disagreement | Impact: -6 | Score: 113 | 
2024-09-04 18:53:26,278 - INFO - Player: Javier delgado | Strategy name: neutral campaign | Current Score: 60
2024-09-04 18:53:26,279 - INFO - Player: Mika Kato | Strategy name: neutral campaign | Current Score: 90
2024-09-05 11:24:07,434 - INFO - Player: Javier  | Strategy name: defensive campaign | Current Score: 90
2024-09-05 11:24:07,435 - INFO - Player: Miyuki Nakamura | Strategy name: defensive campaign | Current Score: 50
2024-09-05 11:24:12,450 - INFO - Player: Javier  | Event Name: Positive Media Coverage | Impact: 10 | Score: 100 | 
2024-09-05 11:25:04,006 - INFO - Player: Javier  | Strategy name: defensive campaign | Current Score: 54
2024-09-05 11:25:04,007 - INFO - Player: Akiko Yoshida | Strategy name: neutral campaign | Current Score: 80
2024-09-05 11:25:05,972 - INFO - Player: Javier  | Event Name: Controversial Statement During Diet Session | Impact: -10 | Score: 44 | 
2024-09-05 11:31:32,403 - INFO - Player: Javier | Strategy name: defensive campaign | Current Score: 63
2024-09-05 11:31:32,403 - INFO - Player: Aiko Suzuki | Strategy name: aggressive campaign | Current Score: 45
2024-09-05 11:31:34,146 - INFO - Player: Javier | Event Name: Minor Gaffe | Impact: -4 | Score: 59 | 
2024-09-05 11:31:37,153 - INFO - Player: Aiko Suzuki | Action: Increase your presence in traditional media | Cost: {'financial': 15, 'influence': 5, 'internal': 5} | Benefit: 30 | Resources: Total Resources: 38.0
Financial: 13.0 | Influence: 4 | Internal: 21.0 | 
2024-09-05 11:33:30,954 - INFO - Player: Javier | Event Name: Public Criticism from Former Party Leader | Impact: -4 | Score: 56 | 
2024-09-05 11:34:35,241 - INFO - Player: Javier delgado | Strategy name: neutral campaign | Current Score: 90
2024-09-05 11:34:35,242 - INFO - Player: Hana Sato | Strategy name: neutral campaign | Current Score: 60
2024-09-05 11:34:39,600 - INFO - Player: Javier delgado | Event Name: Major Corruption Scandal | Impact: -20 | Score: 70 | 
2024-09-05 11:34:42,602 - INFO - Player: Hana Sato | Action: Increase your presence in traditional media | Cost: {'financial': 15, 'influence': 5, 'internal': 5} | Benefit: 30 | Resources: Total Resources: 48.0
Financial: 13.0 | Influence: 14 | Internal: 21.0 | 
2024-09-05 11:35:00,496 - INFO - Player: Javier delgado | Event Name: Small Corruption Scandal | Impact: -9 | Score: 61 | 
2024-09-05 11:35:03,507 - INFO - Player: Hana Sato | Event Name: Positive Reception in Social Media | Impact: 6 | Score: 96 | 
2024-09-05 11:35:24,490 - INFO - Player: Javier delgado | Action: Set up support groups (Koenkai) | Cost: {'financial': 20, 'influence': 10, 'internal': 5} | Benefit: 40 | Resources: Total Resources: 85.0
Financial: 29.0 | Influence: 21 | Internal: 35.0 | 
2024-09-05 11:35:27,493 - INFO - Player: Hana Sato | Action: Increase your presence in traditional media | Cost: {'financial': 15, 'influence': 5, 'internal': 5} | Benefit: 30 | Resources: Total Resources: 29.0
Financial: 0.0 | Influence: 11 | Internal: 18.0 | 
2024-09-05 11:35:35,982 - INFO - Player: Javier delgado | Action: Increase your presence in traditional media | Cost: {'financial': 15, 'influence': 5, 'internal': 5} | Benefit: 30 | Resources: Total Resources: 60.0
Financial: 14.0 | Influence: 16 | Internal: 30.0 | 
2024-09-05 11:35:38,989 - INFO - Player: Hana Sato | Event Name: Positive Coverage in the Newspapers | Impact: 6 | Score: 132 | 
2024-09-05 11:35:50,961 - INFO - Player: Hana Sato | Event Name: Major Sex Scandal | Impact: -20 | Score: 112 | 
2024-09-05 11:45:27,531 - INFO - Player: Elena | Strategy name: aggressive campaign | Current Score: 70
2024-09-05 11:45:27,531 - INFO - Player: Yoshio Tanaka | Strategy name: neutral campaign | Current Score: 54
2024-09-05 11:45:30,755 - INFO - Player: Elena | Event Name: Positive Media Coverage | Impact: 9 | Score: 79 | 
2024-09-05 11:45:33,758 - INFO - Player: Yoshio Tanaka | Action: Increase your presence in traditional media | Cost: {'financial': 15, 'influence': 5, 'internal': 5} | Benefit: 30 | Resources: Total Resources: 48.0
Financial: 22.5 | Influence: 3 | Internal: 22.5 | 
2024-09-05 11:49:38,410 - INFO - Player: Elena | Action: Set up support groups (Koenkai) | Cost: {'financial': 20, 'influence': 10, 'internal': 5} | Benefit: 40 | Resources: Total Resources: 55.0
Financial: 19.5 | Influence: 11 | Internal: 24.5 | 
2024-09-05 11:49:41,417 - INFO - Player: Yoshio Tanaka | Event Name: Public Criticism from Former Party Leader | Impact: -4 | Score: 80 | 
2024-09-05 11:49:48,823 - INFO - Player: Elena | Event Name: Internal Party Disagreement | Impact: -4 | Score: 117 | 
2024-09-05 11:49:51,826 - INFO - Player: Yoshio Tanaka | Action: Increase your presence in traditional media | Cost: {'financial': 15, 'influence': 5, 'internal': 5} | Benefit: 30 | Resources: Total Resources: 29.0
Financial: 9.5 | Influence: 0 | Internal: 19.5 | 
2024-09-05 11:50:56,912 - INFO - Player: Elena | Event Name: Positive Reception in Social Media | Impact: 5 | Score: 121 | 
2024-09-05 11:50:59,918 - INFO - Player: Yoshio Tanaka | Event Name: Successful Small Rally | Impact: 11 | Score: 121 | 
2024-09-05 11:51:11,505 - INFO - Player: Elena | Action: Hold Internal Party Meeting | Cost: {'financial': 5, 'influence': 10, 'internal': 25} | Benefit: 25 | Resources: Total Resources: 27.0
Financial: 18.5 | Influence: 5 | Internal: 3.5 | 
2024-09-05 11:51:14,512 - INFO - Player: Yoshio Tanaka | Event Name: Internal Party Disagreement | Impact: -6 | Score: 115 | 
